[INFO][2016-04-07 10:32:15]#####################################################
[INFO][2016-04-07 10:32:15]\/\/\/\/\/\/---TestCase = LoginTest---\/\/\/\/\/\/
[INFO][2016-04-07 10:32:17]WebDriver navigating to:'http://test.boss.1jiajie.com/'
[INFO][2016-04-07 10:32:24]WebDriver changing value in element found By.id: loginform-username from '' to ''
[INFO][2016-04-07 10:32:25]WebDriver changing value in element found By.id: loginform-username from '' to 'admin'
[INFO][2016-04-07 10:32:25]WebDriver changing value in element found By.id: loginform-password from '' to ''
[INFO][2016-04-07 10:32:25]WebDriver changing value in element found By.id: loginform-password from '' to 'Test2016QA'
[INFO][2016-04-07 10:32:33]WebDriver clicking on:'xpath: //*[@id='list']/li[5]/button'
[ERROR][2016-04-07 10:32:36]WebDriver error: Element not found By.xpath: /html/body/div[2]/aside[1]/div/section/div[1]/div[2]/p[1]
[ERROR][2016-04-07 10:32:39]WebDriver error: Element not found By.xpath: /html/body/div[2]/aside[1]/div/section/div[1]/div[2]/p[1]
[ERROR][2016-04-07 10:32:42]WebDriver error: Element not found By.xpath: /html/body/div[2]/aside[1]/div/section/div[1]/div[2]/p[1]
[ERROR][2016-04-07 10:32:45]WebDriver error: Element not found By.xpath: /html/body/div[2]/aside[1]/div/section/div[1]/div[2]/p[1]
[ERROR][2016-04-07 10:32:48]WebDriver error: Element not found By.xpath: /html/body/div[2]/aside[1]/div/section/div[1]/div[2]/p[1]
[ERROR][2016-04-07 10:32:52]WebDriver error: Element not found By.xpath: /html/body/div[2]/aside[1]/div/section/div[1]/div[2]/p[1]
[ERROR][2016-04-07 10:32:55]WebDriver error: Element not found By.xpath: /html/body/div[2]/aside[1]/div/section/div[1]/div[2]/p[1]
[ERROR][2016-04-07 10:32:58]WebDriver error: Element not found By.xpath: /html/body/div[2]/aside[1]/div/section/div[1]/div[2]/p[1]
[ERROR][2016-04-07 10:33:01]WebDriver error: Element not found By.xpath: /html/body/div[2]/aside[1]/div/section/div[1]/div[2]/p[1]
[ERROR][2016-04-07 10:33:04]WebDriver error: Element not found By.xpath: /html/body/div[2]/aside[1]/div/section/div[1]/div[2]/p[1]
[ERROR][2016-04-07 10:33:07]WebDriver error: Element not found By.xpath: /html/body/div[2]/aside[1]/div/section/div[1]/div[2]/p[1]
[INFO][2016-04-07 10:33:10]WebDriver navigating to:'http://test.boss.1jiajie.com/'
[INFO][2016-04-07 10:33:29]WebDriver changing value in element found By.id: loginform-username from '' to ''
[INFO][2016-04-07 10:33:29]WebDriver changing value in element found By.id: loginform-username from '' to 'admin'
[INFO][2016-04-07 10:33:29]WebDriver changing value in element found By.id: loginform-password from '' to ''
[INFO][2016-04-07 10:33:29]WebDriver changing value in element found By.id: loginform-password from '' to 'cuowumima'
[INFO][2016-04-07 10:33:37]WebDriver clicking on:'xpath: //*[@id='list']/li[5]/button'
[INFO][2016-04-07 10:33:38]/\/\/\/\/\/\---TestCase = LoginTest---/\/\/\/\/\/\
[INFO][2016-04-07 10:33:38]#####################################################
[INFO][2016-04-07 10:33:38]#####################################################
[INFO][2016-04-07 10:33:38]\/\/\/\/\/\/---TestCase = LoginTest---\/\/\/\/\/\/
[INFO][2016-04-07 10:33:46]WebDriver navigating to:'http://test.boss.1jiajie.com/'
[INFO][2016-04-07 10:34:06]WebDriver changing value in element found By.id: loginform-username from '' to ''
[INFO][2016-04-07 10:34:06]WebDriver changing value in element found By.id: loginform-username from '' to 'admin'
[INFO][2016-04-07 10:34:06]WebDriver changing value in element found By.id: loginform-password from '' to ''
[INFO][2016-04-07 10:34:07]WebDriver changing value in element found By.id: loginform-password from '' to 'Test2016QA'
[INFO][2016-04-07 10:34:15]WebDriver clicking on:'xpath: //*[@id='list']/li[5]/button'
[ERROR][2016-04-07 10:34:19]WebDriver error: Element not found By.xpath: /html/body/div[2]/aside[1]/div/section/div[1]/div[2]/p[1]
[ERROR][2016-04-07 10:34:22]WebDriver error: Element not found By.xpath: /html/body/div[2]/aside[1]/div/section/div[1]/div[2]/p[1]
[ERROR][2016-04-07 10:34:25]WebDriver error: Element not found By.xpath: /html/body/div[2]/aside[1]/div/section/div[1]/div[2]/p[1]
[ERROR][2016-04-07 10:34:28]WebDriver error: Element not found By.xpath: /html/body/div[2]/aside[1]/div/section/div[1]/div[2]/p[1]
[ERROR][2016-04-07 10:34:31]WebDriver error: Element not found By.xpath: /html/body/div[2]/aside[1]/div/section/div[1]/div[2]/p[1]
[ERROR][2016-04-07 10:34:34]WebDriver error: Element not found By.xpath: /html/body/div[2]/aside[1]/div/section/div[1]/div[2]/p[1]
[ERROR][2016-04-07 10:34:37]WebDriver error: Element not found By.xpath: /html/body/div[2]/aside[1]/div/section/div[1]/div[2]/p[1]
[ERROR][2016-04-07 10:34:40]WebDriver error: Element not found By.xpath: /html/body/div[2]/aside[1]/div/section/div[1]/div[2]/p[1]
[ERROR][2016-04-07 10:34:44]WebDriver error: Element not found By.xpath: /html/body/div[2]/aside[1]/div/section/div[1]/div[2]/p[1]
[ERROR][2016-04-07 10:34:47]WebDriver error: Element not found By.xpath: /html/body/div[2]/aside[1]/div/section/div[1]/div[2]/p[1]
[ERROR][2016-04-07 10:34:50]WebDriver error: Element not found By.xpath: /html/body/div[2]/aside[1]/div/section/div[1]/div[2]/p[1]
[INFO][2016-04-07 10:34:59]WebDriver navigating to:'http://test.boss.1jiajie.com/'
[INFO][2016-04-07 10:35:33]WebDriver changing value in element found By.id: loginform-username from '' to ''
[INFO][2016-04-07 10:35:33]WebDriver changing value in element found By.id: loginform-username from '' to 'admin'
[INFO][2016-04-07 10:35:33]WebDriver changing value in element found By.id: loginform-password from '' to ''
[INFO][2016-04-07 10:35:33]WebDriver changing value in element found By.id: loginform-password from '' to 'cuowumima'
[INFO][2016-04-07 10:35:43]WebDriver clicking on:'xpath: //*[@id='list']/li[5]/button'
[INFO][2016-04-07 10:35:43]/\/\/\/\/\/\---TestCase = LoginTest---/\/\/\/\/\/\
[INFO][2016-04-07 10:35:43]#####################################################
[INFO][2016-04-07 10:35:43]#####################################################
[INFO][2016-04-07 10:35:43]\/\/\/\/\/\/---TestCase = LoginTest---\/\/\/\/\/\/
[INFO][2016-04-07 10:35:47]WebDriver navigating to:'http://test.boss.1jiajie.com/'
[ERROR][2016-04-07 10:35:54]WebDriver error: Element not found By.id: loginform-username
[INFO][2016-04-07 10:35:57]WebDriver navigating to:'http://test.boss.1jiajie.com/'
[ERROR][2016-04-07 10:36:01]WebDriver error: Element not found By.id: loginform-username
[INFO][2016-04-07 10:36:01]/\/\/\/\/\/\---TestCase = LoginTest---/\/\/\/\/\/\
[INFO][2016-04-07 10:36:01]#####################################################
